<?xml version="1.0" encoding="UTF-8"?>
<TestRun id="9e717ce2-b505-4651-84fb-1826c6ab3c29" name="albertomonteiro@DEV04 2011-06-08 16:18:52" runUser="INFORPLUS-SRV\albertomonteiro" xmlns="http://microsoft.com/schemas/VisualStudio/TeamTest/2010">
  <TestSettings name="Local" id="76dc600e-5e4c-472a-aef1-b1a526d34381">
    <Description>These are default test settings for a local test run.</Description>
    <Deployment enabled="false" runDeploymentRoot="albertomonteiro_DEV04 2011-06-08 16_18_52" />
    <Execution>
      <TestTypeSpecific />
      <AgentRule name="Execution Agents">
      </AgentRule>
    </Execution>
  </TestSettings>
  <Times creation="2011-06-08T16:18:52.5680381-03:00" queuing="2011-06-08T16:18:53.0672893-03:00" start="2011-06-08T16:18:53.2545085-03:00" finish="2011-06-08T16:18:53.4885325-03:00" />
  <ResultSummary outcome="Completed">
    <Counters total="11" executed="11" passed="11" error="0" failed="0" timeout="0" aborted="0" inconclusive="0" passedButRunAborted="0" notRunnable="0" notExecuted="0" disconnected="0" warning="0" completed="0" inProgress="0" pending="0" />
  </ResultSummary>
  <TestDefinitions>
    <UnitTest name="QuandoSaco21" storage="c:\users\alberto\documents\visual studio 2010\projects\teste\testproject1\bin\debug\testproject1.dll" id="225d75b7-327e-2a70-f12b-0004180848d1">
      <Execution timeOut="1800000" id="7a361e37-4f12-4dff-9622-35a6ae9b59df" />
      <TestMethod codeBase="C:/Users/alberto/Documents/Visual Studio 2010/Projects/Teste/TestProject1/bin/Debug/TestProject1.DLL" adapterTypeName="Microsoft.VisualStudio.TestTools.TestTypes.Unit.UnitTestAdapter, Microsoft.VisualStudio.QualityTools.Tips.UnitTest.Adapter, Version=10.0.0.0, Culture=neutral, PublicKeyToken=b03f5f7f11d50a3a" className="TestProject1.CaixaEletronicoManagerTest, TestProject1, Version=1.0.0.0, Culture=neutral, PublicKeyToken=null" name="QuandoSaco21" />
    </UnitTest>
    <UnitTest name="QuandoSaco33" storage="c:\users\alberto\documents\visual studio 2010\projects\teste\testproject1\bin\debug\testproject1.dll" id="acf9d828-05bb-3df6-dd9b-2cb29de55cdc">
      <Execution timeOut="1800000" id="cfb3999e-0d1c-4780-a108-839c6dc9201a" />
      <TestMethod codeBase="C:/Users/alberto/Documents/Visual Studio 2010/Projects/Teste/TestProject1/bin/Debug/TestProject1.DLL" adapterTypeName="Microsoft.VisualStudio.TestTools.TestTypes.Unit.UnitTestAdapter, Microsoft.VisualStudio.QualityTools.Tips.UnitTest.Adapter, Version=10.0.0.0, Culture=neutral, PublicKeyToken=b03f5f7f11d50a3a" className="TestProject1.CaixaEletronicoManagerTest, TestProject1, Version=1.0.0.0, Culture=neutral, PublicKeyToken=null" name="QuandoSaco33" />
    </UnitTest>
    <UnitTest name="QuandoSaco57" storage="c:\users\alberto\documents\visual studio 2010\projects\teste\testproject1\bin\debug\testproject1.dll" id="d39a5054-dc97-c374-2a45-71f4c1f2c29c">
      <Execution timeOut="1800000" id="4e3e03cb-6523-4963-891e-dc0976ec48ee" />
      <TestMethod codeBase="C:/Users/alberto/Documents/Visual Studio 2010/Projects/Teste/TestProject1/bin/Debug/TestProject1.DLL" adapterTypeName="Microsoft.VisualStudio.TestTools.TestTypes.Unit.UnitTestAdapter, Microsoft.VisualStudio.QualityTools.Tips.UnitTest.Adapter, Version=10.0.0.0, Culture=neutral, PublicKeyToken=b03f5f7f11d50a3a" className="TestProject1.CaixaEletronicoManagerTest, TestProject1, Version=1.0.0.0, Culture=neutral, PublicKeyToken=null" name="QuandoSaco57" />
    </UnitTest>
    <UnitTest name="QuandoSaco23" storage="c:\users\alberto\documents\visual studio 2010\projects\teste\testproject1\bin\debug\testproject1.dll" id="21c2c6f3-bc42-f455-e8aa-ee8079630381">
      <Execution timeOut="1800000" id="a2b42d45-1550-4e5e-940f-85cf581b6df5" />
      <TestMethod codeBase="C:/Users/alberto/Documents/Visual Studio 2010/Projects/Teste/TestProject1/bin/Debug/TestProject1.DLL" adapterTypeName="Microsoft.VisualStudio.TestTools.TestTypes.Unit.UnitTestAdapter, Microsoft.VisualStudio.QualityTools.Tips.UnitTest.Adapter, Version=10.0.0.0, Culture=neutral, PublicKeyToken=b03f5f7f11d50a3a" className="TestProject1.CaixaEletronicoManagerTest, TestProject1, Version=1.0.0.0, Culture=neutral, PublicKeyToken=null" name="QuandoSaco23" />
    </UnitTest>
    <UnitTest name="QuandoSaco37" storage="c:\users\alberto\documents\visual studio 2010\projects\teste\testproject1\bin\debug\testproject1.dll" id="d6d48894-dcae-1246-bb05-f74c78956b3e">
      <Execution timeOut="1800000" id="7c4e6d32-bcd5-4c22-a49c-0fd789ac5cb5" />
      <TestMethod codeBase="C:/Users/alberto/Documents/Visual Studio 2010/Projects/Teste/TestProject1/bin/Debug/TestProject1.DLL" adapterTypeName="Microsoft.VisualStudio.TestTools.TestTypes.Unit.UnitTestAdapter, Microsoft.VisualStudio.QualityTools.Tips.UnitTest.Adapter, Version=10.0.0.0, Culture=neutral, PublicKeyToken=b03f5f7f11d50a3a" className="TestProject1.CaixaEletronicoManagerTest, TestProject1, Version=1.0.0.0, Culture=neutral, PublicKeyToken=null" name="QuandoSaco37" />
    </UnitTest>
    <UnitTest name="QuandoSaco31" storage="c:\users\alberto\documents\visual studio 2010\projects\teste\testproject1\bin\debug\testproject1.dll" id="65f22783-3b68-a29f-60f5-5100bd441fa9">
      <Execution timeOut="1800000" id="6623aa96-8ecc-44ca-bfa6-53323cd77c0d" />
      <TestMethod codeBase="C:/Users/alberto/Documents/Visual Studio 2010/Projects/Teste/TestProject1/bin/Debug/TestProject1.DLL" adapterTypeName="Microsoft.VisualStudio.TestTools.TestTypes.Unit.UnitTestAdapter, Microsoft.VisualStudio.QualityTools.Tips.UnitTest.Adapter, Version=10.0.0.0, Culture=neutral, PublicKeyToken=b03f5f7f11d50a3a" className="TestProject1.CaixaEletronicoManagerTest, TestProject1, Version=1.0.0.0, Culture=neutral, PublicKeyToken=null" name="QuandoSaco31" />
    </UnitTest>
    <UnitTest name="QuandoSaco43" storage="c:\users\alberto\documents\visual studio 2010\projects\teste\testproject1\bin\debug\testproject1.dll" id="787cd342-1bdc-470e-e4c3-e8a697278f3c">
      <Execution timeOut="1800000" id="d622ca29-0f6e-49d5-8edc-f2a6e571759f" />
      <TestMethod codeBase="C:/Users/alberto/Documents/Visual Studio 2010/Projects/Teste/TestProject1/bin/Debug/TestProject1.DLL" adapterTypeName="Microsoft.VisualStudio.TestTools.TestTypes.Unit.UnitTestAdapter, Microsoft.VisualStudio.QualityTools.Tips.UnitTest.Adapter, Version=10.0.0.0, Culture=neutral, PublicKeyToken=b03f5f7f11d50a3a" className="TestProject1.CaixaEletronicoManagerTest, TestProject1, Version=1.0.0.0, Culture=neutral, PublicKeyToken=null" name="QuandoSaco43" />
    </UnitTest>
    <UnitTest name="QuandoSaco14" storage="c:\users\alberto\documents\visual studio 2010\projects\teste\testproject1\bin\debug\testproject1.dll" id="93ff3aae-d159-99de-26ce-6357e98aa08f">
      <Execution timeOut="1800000" id="54548ed3-7d28-409e-8ce4-6cf96d46d96d" />
      <TestMethod codeBase="C:/Users/alberto/Documents/Visual Studio 2010/Projects/Teste/TestProject1/bin/Debug/TestProject1.DLL" adapterTypeName="Microsoft.VisualStudio.TestTools.TestTypes.Unit.UnitTestAdapter, Microsoft.VisualStudio.QualityTools.Tips.UnitTest.Adapter, Version=10.0.0.0, Culture=neutral, PublicKeyToken=b03f5f7f11d50a3a" className="TestProject1.CaixaEletronicoManagerTest, TestProject1, Version=1.0.0.0, Culture=neutral, PublicKeyToken=null" name="QuandoSaco14" />
    </UnitTest>
    <UnitTest name="QuandoSaco40" storage="c:\users\alberto\documents\visual studio 2010\projects\teste\testproject1\bin\debug\testproject1.dll" id="8efa33b2-1e74-16fd-7e47-c5e10ab712a6">
      <Execution timeOut="1800000" id="f1b9c33d-31ed-407e-9c95-dd7002b5799d" />
      <TestMethod codeBase="C:/Users/alberto/Documents/Visual Studio 2010/Projects/Teste/TestProject1/bin/Debug/TestProject1.DLL" adapterTypeName="Microsoft.VisualStudio.TestTools.TestTypes.Unit.UnitTestAdapter, Microsoft.VisualStudio.QualityTools.Tips.UnitTest.Adapter, Version=10.0.0.0, Culture=neutral, PublicKeyToken=b03f5f7f11d50a3a" className="TestProject1.CaixaEletronicoManagerTest, TestProject1, Version=1.0.0.0, Culture=neutral, PublicKeyToken=null" name="QuandoSaco40" />
    </UnitTest>
    <UnitTest name="QuandoSaco59" storage="c:\users\alberto\documents\visual studio 2010\projects\teste\testproject1\bin\debug\testproject1.dll" id="cbd6328a-8fa6-cbe5-6ec5-0866083dcba8">
      <Execution timeOut="1800000" id="8bd4fc4d-947e-4fc9-9bd6-b08292aad28f" />
      <TestMethod codeBase="C:/Users/alberto/Documents/Visual Studio 2010/Projects/Teste/TestProject1/bin/Debug/TestProject1.DLL" adapterTypeName="Microsoft.VisualStudio.TestTools.TestTypes.Unit.UnitTestAdapter, Microsoft.VisualStudio.QualityTools.Tips.UnitTest.Adapter, Version=10.0.0.0, Culture=neutral, PublicKeyToken=b03f5f7f11d50a3a" className="TestProject1.CaixaEletronicoManagerTest, TestProject1, Version=1.0.0.0, Culture=neutral, PublicKeyToken=null" name="QuandoSaco59" />
    </UnitTest>
    <UnitTest name="QuandoSaco41" storage="c:\users\alberto\documents\visual studio 2010\projects\teste\testproject1\bin\debug\testproject1.dll" id="d4315a4e-fce6-5472-dfd7-cd3b07e206d5">
      <Execution timeOut="1800000" id="b012809d-3077-4248-9add-81ee8f1dcf79" />
      <TestMethod codeBase="C:/Users/alberto/Documents/Visual Studio 2010/Projects/Teste/TestProject1/bin/Debug/TestProject1.DLL" adapterTypeName="Microsoft.VisualStudio.TestTools.TestTypes.Unit.UnitTestAdapter, Microsoft.VisualStudio.QualityTools.Tips.UnitTest.Adapter, Version=10.0.0.0, Culture=neutral, PublicKeyToken=b03f5f7f11d50a3a" className="TestProject1.CaixaEletronicoManagerTest, TestProject1, Version=1.0.0.0, Culture=neutral, PublicKeyToken=null" name="QuandoSaco41" />
    </UnitTest>
  </TestDefinitions>
  <TestLists>
    <TestList name="Results Not in a List" id="8c84fa94-04c1-424b-9868-57a2d4851a1d" />
    <TestList name="All Loaded Results" id="19431567-8539-422a-85d7-44ee4e166bda" />
  </TestLists>
  <TestEntries>
    <TestEntry testId="93ff3aae-d159-99de-26ce-6357e98aa08f" executionId="54548ed3-7d28-409e-8ce4-6cf96d46d96d" testListId="8c84fa94-04c1-424b-9868-57a2d4851a1d" />
    <TestEntry testId="225d75b7-327e-2a70-f12b-0004180848d1" executionId="7a361e37-4f12-4dff-9622-35a6ae9b59df" testListId="8c84fa94-04c1-424b-9868-57a2d4851a1d" />
    <TestEntry testId="21c2c6f3-bc42-f455-e8aa-ee8079630381" executionId="a2b42d45-1550-4e5e-940f-85cf581b6df5" testListId="8c84fa94-04c1-424b-9868-57a2d4851a1d" />
    <TestEntry testId="65f22783-3b68-a29f-60f5-5100bd441fa9" executionId="6623aa96-8ecc-44ca-bfa6-53323cd77c0d" testListId="8c84fa94-04c1-424b-9868-57a2d4851a1d" />
    <TestEntry testId="acf9d828-05bb-3df6-dd9b-2cb29de55cdc" executionId="cfb3999e-0d1c-4780-a108-839c6dc9201a" testListId="8c84fa94-04c1-424b-9868-57a2d4851a1d" />
    <TestEntry testId="d6d48894-dcae-1246-bb05-f74c78956b3e" executionId="7c4e6d32-bcd5-4c22-a49c-0fd789ac5cb5" testListId="8c84fa94-04c1-424b-9868-57a2d4851a1d" />
    <TestEntry testId="8efa33b2-1e74-16fd-7e47-c5e10ab712a6" executionId="f1b9c33d-31ed-407e-9c95-dd7002b5799d" testListId="8c84fa94-04c1-424b-9868-57a2d4851a1d" />
    <TestEntry testId="d4315a4e-fce6-5472-dfd7-cd3b07e206d5" executionId="b012809d-3077-4248-9add-81ee8f1dcf79" testListId="8c84fa94-04c1-424b-9868-57a2d4851a1d" />
    <TestEntry testId="787cd342-1bdc-470e-e4c3-e8a697278f3c" executionId="d622ca29-0f6e-49d5-8edc-f2a6e571759f" testListId="8c84fa94-04c1-424b-9868-57a2d4851a1d" />
    <TestEntry testId="d39a5054-dc97-c374-2a45-71f4c1f2c29c" executionId="4e3e03cb-6523-4963-891e-dc0976ec48ee" testListId="8c84fa94-04c1-424b-9868-57a2d4851a1d" />
    <TestEntry testId="cbd6328a-8fa6-cbe5-6ec5-0866083dcba8" executionId="8bd4fc4d-947e-4fc9-9bd6-b08292aad28f" testListId="8c84fa94-04c1-424b-9868-57a2d4851a1d" />
  </TestEntries>
  <Results>
    <UnitTestResult executionId="54548ed3-7d28-409e-8ce4-6cf96d46d96d" testId="93ff3aae-d159-99de-26ce-6357e98aa08f" testName="QuandoSaco14" computerName="DEV04" duration="00:00:00.0410249" startTime="2011-06-08T16:18:53.3013133-03:00" endTime="2011-06-08T16:18:53.3793213-03:00" testType="13cdc9d9-ddb5-4fa4-a97d-d965ccfc6d4b" outcome="Passed" testListId="8c84fa94-04c1-424b-9868-57a2d4851a1d" relativeResultsDirectory="54548ed3-7d28-409e-8ce4-6cf96d46d96d">
    </UnitTestResult>
    <UnitTestResult executionId="7a361e37-4f12-4dff-9622-35a6ae9b59df" testId="225d75b7-327e-2a70-f12b-0004180848d1" testName="QuandoSaco21" computerName="DEV04" duration="00:00:00.0361959" startTime="2011-06-08T16:18:53.3949229-03:00" endTime="2011-06-08T16:18:53.4261261-03:00" testType="13cdc9d9-ddb5-4fa4-a97d-d965ccfc6d4b" outcome="Passed" testListId="8c84fa94-04c1-424b-9868-57a2d4851a1d" relativeResultsDirectory="7a361e37-4f12-4dff-9622-35a6ae9b59df">
    </UnitTestResult>
    <UnitTestResult executionId="a2b42d45-1550-4e5e-940f-85cf581b6df5" testId="21c2c6f3-bc42-f455-e8aa-ee8079630381" testName="QuandoSaco23" computerName="DEV04" duration="00:00:00.0002382" startTime="2011-06-08T16:18:53.4261261-03:00" endTime="2011-06-08T16:18:53.4261261-03:00" testType="13cdc9d9-ddb5-4fa4-a97d-d965ccfc6d4b" outcome="Passed" testListId="8c84fa94-04c1-424b-9868-57a2d4851a1d" relativeResultsDirectory="a2b42d45-1550-4e5e-940f-85cf581b6df5">
    </UnitTestResult>
    <UnitTestResult executionId="6623aa96-8ecc-44ca-bfa6-53323cd77c0d" testId="65f22783-3b68-a29f-60f5-5100bd441fa9" testName="QuandoSaco31" computerName="DEV04" duration="00:00:00.0001697" startTime="2011-06-08T16:18:53.4261261-03:00" endTime="2011-06-08T16:18:53.4261261-03:00" testType="13cdc9d9-ddb5-4fa4-a97d-d965ccfc6d4b" outcome="Passed" testListId="8c84fa94-04c1-424b-9868-57a2d4851a1d" relativeResultsDirectory="6623aa96-8ecc-44ca-bfa6-53323cd77c0d">
    </UnitTestResult>
    <UnitTestResult executionId="cfb3999e-0d1c-4780-a108-839c6dc9201a" testId="acf9d828-05bb-3df6-dd9b-2cb29de55cdc" testName="QuandoSaco33" computerName="DEV04" duration="00:00:00.0002016" startTime="2011-06-08T16:18:53.4261261-03:00" endTime="2011-06-08T16:18:53.4261261-03:00" testType="13cdc9d9-ddb5-4fa4-a97d-d965ccfc6d4b" outcome="Passed" testListId="8c84fa94-04c1-424b-9868-57a2d4851a1d" relativeResultsDirectory="cfb3999e-0d1c-4780-a108-839c6dc9201a">
    </UnitTestResult>
    <UnitTestResult executionId="7c4e6d32-bcd5-4c22-a49c-0fd789ac5cb5" testId="d6d48894-dcae-1246-bb05-f74c78956b3e" testName="QuandoSaco37" computerName="DEV04" duration="00:00:00.0001880" startTime="2011-06-08T16:18:53.4261261-03:00" endTime="2011-06-08T16:18:53.4261261-03:00" testType="13cdc9d9-ddb5-4fa4-a97d-d965ccfc6d4b" outcome="Passed" testListId="8c84fa94-04c1-424b-9868-57a2d4851a1d" relativeResultsDirectory="7c4e6d32-bcd5-4c22-a49c-0fd789ac5cb5">
    </UnitTestResult>
    <UnitTestResult executionId="f1b9c33d-31ed-407e-9c95-dd7002b5799d" testId="8efa33b2-1e74-16fd-7e47-c5e10ab712a6" testName="QuandoSaco40" computerName="DEV04" duration="00:00:00.0001847" startTime="2011-06-08T16:18:53.4261261-03:00" endTime="2011-06-08T16:18:53.4261261-03:00" testType="13cdc9d9-ddb5-4fa4-a97d-d965ccfc6d4b" outcome="Passed" testListId="8c84fa94-04c1-424b-9868-57a2d4851a1d" relativeResultsDirectory="f1b9c33d-31ed-407e-9c95-dd7002b5799d">
    </UnitTestResult>
    <UnitTestResult executionId="b012809d-3077-4248-9add-81ee8f1dcf79" testId="d4315a4e-fce6-5472-dfd7-cd3b07e206d5" testName="QuandoSaco41" computerName="DEV04" duration="00:00:00.0002075" startTime="2011-06-08T16:18:53.4261261-03:00" endTime="2011-06-08T16:18:53.4417277-03:00" testType="13cdc9d9-ddb5-4fa4-a97d-d965ccfc6d4b" outcome="Passed" testListId="8c84fa94-04c1-424b-9868-57a2d4851a1d" relativeResultsDirectory="b012809d-3077-4248-9add-81ee8f1dcf79">
    </UnitTestResult>
    <UnitTestResult executionId="d622ca29-0f6e-49d5-8edc-f2a6e571759f" testId="787cd342-1bdc-470e-e4c3-e8a697278f3c" testName="QuandoSaco43" computerName="DEV04" duration="00:00:00.0002646" startTime="2011-06-08T16:18:53.4417277-03:00" endTime="2011-06-08T16:18:53.4417277-03:00" testType="13cdc9d9-ddb5-4fa4-a97d-d965ccfc6d4b" outcome="Passed" testListId="8c84fa94-04c1-424b-9868-57a2d4851a1d" relativeResultsDirectory="d622ca29-0f6e-49d5-8edc-f2a6e571759f">
    </UnitTestResult>
    <UnitTestResult executionId="4e3e03cb-6523-4963-891e-dc0976ec48ee" testId="d39a5054-dc97-c374-2a45-71f4c1f2c29c" testName="QuandoSaco57" computerName="DEV04" duration="00:00:00.0001847" startTime="2011-06-08T16:18:53.4417277-03:00" endTime="2011-06-08T16:18:53.4417277-03:00" testType="13cdc9d9-ddb5-4fa4-a97d-d965ccfc6d4b" outcome="Passed" testListId="8c84fa94-04c1-424b-9868-57a2d4851a1d" relativeResultsDirectory="4e3e03cb-6523-4963-891e-dc0976ec48ee">
    </UnitTestResult>
    <UnitTestResult executionId="8bd4fc4d-947e-4fc9-9bd6-b08292aad28f" testId="cbd6328a-8fa6-cbe5-6ec5-0866083dcba8" testName="QuandoSaco59" computerName="DEV04" duration="00:00:00.0001598" startTime="2011-06-08T16:18:53.4417277-03:00" endTime="2011-06-08T16:18:53.4417277-03:00" testType="13cdc9d9-ddb5-4fa4-a97d-d965ccfc6d4b" outcome="Passed" testListId="8c84fa94-04c1-424b-9868-57a2d4851a1d" relativeResultsDirectory="8bd4fc4d-947e-4fc9-9bd6-b08292aad28f">
    </UnitTestResult>
  </Results>
</TestRun>